<?xml version="1.0" encoding="UTF-8"?>
<!-- Generated by org.testng.reporters.JUnitXMLReporter -->
<testsuite hostname="admin-PC" ignored="2" name="e-commerceapplication test" tests="5" failures="0" timestamp="16 May 2019 15:21:27 GMT" time="50.547" errors="0">
  <testcase name="title_verification" time="0.062" classname="com.Guru99ecommerce.testcases.TC_Homepage_0001"/>
  <testcase name="Sort" time="19.224" classname="com.Guru99ecommerce.testcases.TC_Homepage_0001"/>
  <testcase name="title_verification1" time="5.193" classname="com.Guru99ecommerce.testcases.TC_Homepage_0001"/>
  <testcase name="Sort_Name" time="13.51" classname="com.Guru99ecommerce.testcases.TC_Homepage_0001"/>
  <testcase name="priceverificaion" time="12.502" classname="com.Guru99ecommerce.testcases.TC_ReadPrice_002"/>
  <testcase name="@BeforeSuite SetUp" time="0.0" classname="com.Guru99ecommerce.testcases.BaseClass">
    <ignored/>
  </testcase> <!-- @BeforeSuite SetUp -->
  <testcase name="@AfterSuite Close" time="0.0" classname="com.Guru99ecommerce.testcases.BaseClass">
    <ignored/>
  </testcase> <!-- @AfterSuite Close -->
</testsuite> <!-- e-commerceapplication test -->
