<?xml version="1.0" encoding="UTF-8"?>
<!-- Generated by org.testng.reporters.JUnitXMLReporter -->
<testsuite hostname="admin-PC" ignored="16" name="Default test" tests="6" failures="0" timestamp="02 Apr 2019 14:53:13 GMT" time="44.376" errors="0">
  <testcase name="title_verification" time="0.129" classname="com.Guru99ecommerce.testcases.TC_Homepage_0001"/>
  <testcase name="Sort" time="4.72" classname="com.Guru99ecommerce.testcases.TC_Homepage_0001"/>
  <testcase name="title_verification1" time="0.041" classname="com.Guru99ecommerce.testcases.TC_Homepage_0001"/>
  <testcase name="Sort_Name" time="12.38" classname="com.Guru99ecommerce.testcases.TC_Homepage_0001"/>
  <testcase name="priceverificaion" time="11.296" classname="com.Guru99ecommerce.testcases.TC_ReadPrice_002"/>
  <testcase name="addcarterrorverification" time="15.74" classname="com.Guru99ecommerce.testcases.TC_Addtocart_errormessageverification_003"/>
  <testcase name="@BeforeSuite SetUp" time="0.0" classname="com.Guru99ecommerce.testcases.BaseClass">
    <ignored/>
  </testcase> <!-- @BeforeSuite SetUp -->
  <testcase name="@BeforeSuite SetUp" time="0.0" classname="com.Guru99ecommerce.testcases.BaseClass">
    <ignored/>
  </testcase> <!-- @BeforeSuite SetUp -->
  <testcase name="@BeforeSuite SetUp" time="0.0" classname="com.Guru99ecommerce.testcases.BaseClass">
    <ignored/>
  </testcase> <!-- @BeforeSuite SetUp -->
  <testcase name="@AfterSuite Close" time="0.0" classname="com.Guru99ecommerce.testcases.BaseClass">
    <ignored/>
  </testcase> <!-- @AfterSuite Close -->
  <testcase name="@BeforeSuite SetUp" time="0.0" classname="com.Guru99ecommerce.testcases.BaseClass">
    <ignored/>
  </testcase> <!-- @BeforeSuite SetUp -->
  <testcase name="@BeforeSuite SetUp" time="0.0" classname="com.Guru99ecommerce.testcases.BaseClass">
    <ignored/>
  </testcase> <!-- @BeforeSuite SetUp -->
  <testcase name="@BeforeSuite SetUp" time="0.0" classname="com.Guru99ecommerce.testcases.BaseClass">
    <ignored/>
  </testcase> <!-- @BeforeSuite SetUp -->
  <testcase name="@BeforeSuite SetUp" time="0.0" classname="com.Guru99ecommerce.testcases.BaseClass">
    <ignored/>
  </testcase> <!-- @BeforeSuite SetUp -->
  <testcase name="@BeforeSuite SetUp" time="0.0" classname="com.Guru99ecommerce.testcases.BaseClass">
    <ignored/>
  </testcase> <!-- @BeforeSuite SetUp -->
  <testcase name="@AfterSuite Close" time="0.0" classname="com.Guru99ecommerce.testcases.BaseClass">
    <ignored/>
  </testcase> <!-- @AfterSuite Close -->
  <testcase name="@AfterSuite Close" time="0.0" classname="com.Guru99ecommerce.testcases.BaseClass">
    <ignored/>
  </testcase> <!-- @AfterSuite Close -->
  <testcase name="@AfterSuite Close" time="0.0" classname="com.Guru99ecommerce.testcases.BaseClass">
    <ignored/>
  </testcase> <!-- @AfterSuite Close -->
  <testcase name="@AfterSuite Close" time="0.0" classname="com.Guru99ecommerce.testcases.BaseClass">
    <ignored/>
  </testcase> <!-- @AfterSuite Close -->
  <testcase name="@AfterSuite Close" time="0.0" classname="com.Guru99ecommerce.testcases.BaseClass">
    <ignored/>
  </testcase> <!-- @AfterSuite Close -->
  <testcase name="@AfterSuite Close" time="0.0" classname="com.Guru99ecommerce.testcases.BaseClass">
    <ignored/>
  </testcase> <!-- @AfterSuite Close -->
  <testcase name="@AfterSuite Close" time="0.0" classname="com.Guru99ecommerce.testcases.BaseClass">
    <ignored/>
  </testcase> <!-- @AfterSuite Close -->
</testsuite> <!-- Default test -->
