<?xml version="1.0" encoding="UTF-8"?>
<!-- Generated by org.testng.reporters.JUnitXMLReporter -->
<testsuite hostname="admin-PC" ignored="19" name="e-commerceapplication test" tests="12" failures="0" timestamp="06 Apr 2019 06:41:45 GMT" time="100.625" errors="0">
  <testcase name="title_verification" time="0.031" classname="com.Guru99ecommerce.testcases.TC_Homepage_0001"/>
  <testcase name="Sort" time="4.233" classname="com.Guru99ecommerce.testcases.TC_Homepage_0001"/>
  <testcase name="title_verification1" time="0.016" classname="com.Guru99ecommerce.testcases.TC_Homepage_0001"/>
  <testcase name="Sort_Name" time="12.727" classname="com.Guru99ecommerce.testcases.TC_Homepage_0001"/>
  <testcase name="priceverificaion" time="10.474" classname="com.Guru99ecommerce.testcases.TC_ReadPrice_002"/>
  <testcase name="addcarterrorverification" time="15.665" classname="com.Guru99ecommerce.testcases.TC_Addtocart_errormessageverification_003"/>
  <testcase name="error_qty_msg" time="6.516" classname="com.Guru99ecommerce.testcases.TC_Verifyerrormessage_qantity_004"/>
  <testcase name="Mobile_Comparison" time="27.613" classname="com.Guru99ecommerce.testcases.TC_CompareProducts_005"/>
  <testcase name="login" time="10.636" classname="com.Guru99ecommerce.testcases.TC_Login_007"/>
  <testcase name="TV" time="6.637" classname="com.Guru99ecommerce.testcases.TC_TvMenu_008"/>
  <testcase name="wishlistcheck" time="2.049" classname="com.Guru99ecommerce.testcases.TC_WishList_009"/>
  <testcase name="shipping" time="3.962" classname="com.Guru99ecommerce.testcases.TC_ShippingInfo_010"/>
  <testcase name="signup" time="0.0" classname="com.Guru99ecommerce.testcases.TC_Regitration_0006">
    <ignored/>
  </testcase> <!-- signup -->
  <testcase name="@BeforeSuite SetUp" time="0.0" classname="com.Guru99ecommerce.testcases.BaseClass">
    <ignored/>
  </testcase> <!-- @BeforeSuite SetUp -->
  <testcase name="@BeforeSuite SetUp" time="0.0" classname="com.Guru99ecommerce.testcases.BaseClass">
    <ignored/>
  </testcase> <!-- @BeforeSuite SetUp -->
  <testcase name="@BeforeSuite SetUp" time="0.0" classname="com.Guru99ecommerce.testcases.BaseClass">
    <ignored/>
  </testcase> <!-- @BeforeSuite SetUp -->
  <testcase name="@BeforeSuite SetUp" time="0.0" classname="com.Guru99ecommerce.testcases.BaseClass">
    <ignored/>
  </testcase> <!-- @BeforeSuite SetUp -->
  <testcase name="@BeforeSuite SetUp" time="0.0" classname="com.Guru99ecommerce.testcases.BaseClass">
    <ignored/>
  </testcase> <!-- @BeforeSuite SetUp -->
  <testcase name="@AfterSuite Close" time="0.0" classname="com.Guru99ecommerce.testcases.BaseClass">
    <ignored/>
  </testcase> <!-- @AfterSuite Close -->
  <testcase name="@BeforeSuite SetUp" time="0.0" classname="com.Guru99ecommerce.testcases.BaseClass">
    <ignored/>
  </testcase> <!-- @BeforeSuite SetUp -->
  <testcase name="@BeforeSuite SetUp" time="0.0" classname="com.Guru99ecommerce.testcases.BaseClass">
    <ignored/>
  </testcase> <!-- @BeforeSuite SetUp -->
  <testcase name="@BeforeSuite SetUp" time="0.0" classname="com.Guru99ecommerce.testcases.BaseClass">
    <ignored/>
  </testcase> <!-- @BeforeSuite SetUp -->
  <testcase name="@BeforeSuite SetUp" time="0.0" classname="com.Guru99ecommerce.testcases.BaseClass">
    <ignored/>
  </testcase> <!-- @BeforeSuite SetUp -->
  <testcase name="@AfterSuite Close" time="0.0" classname="com.Guru99ecommerce.testcases.BaseClass">
    <ignored/>
  </testcase> <!-- @AfterSuite Close -->
  <testcase name="@AfterSuite Close" time="0.0" classname="com.Guru99ecommerce.testcases.BaseClass">
    <ignored/>
  </testcase> <!-- @AfterSuite Close -->
  <testcase name="@AfterSuite Close" time="0.0" classname="com.Guru99ecommerce.testcases.BaseClass">
    <ignored/>
  </testcase> <!-- @AfterSuite Close -->
  <testcase name="@AfterSuite Close" time="0.0" classname="com.Guru99ecommerce.testcases.BaseClass">
    <ignored/>
  </testcase> <!-- @AfterSuite Close -->
  <testcase name="@AfterSuite Close" time="0.0" classname="com.Guru99ecommerce.testcases.BaseClass">
    <ignored/>
  </testcase> <!-- @AfterSuite Close -->
  <testcase name="@AfterSuite Close" time="0.0" classname="com.Guru99ecommerce.testcases.BaseClass">
    <ignored/>
  </testcase> <!-- @AfterSuite Close -->
  <testcase name="@AfterSuite Close" time="0.0" classname="com.Guru99ecommerce.testcases.BaseClass">
    <ignored/>
  </testcase> <!-- @AfterSuite Close -->
  <testcase name="@AfterSuite Close" time="0.0" classname="com.Guru99ecommerce.testcases.BaseClass">
    <ignored/>
  </testcase> <!-- @AfterSuite Close -->
</testsuite> <!-- e-commerceapplication test -->
