<?xml version="1.0" encoding="UTF-8"?>
<!-- Generated by org.testng.reporters.JUnitXMLReporter -->
<testsuite hostname="admin-PC" ignored="0" name="e-commerceapplication test" tests="4" failures="0" timestamp="16 May 2019 15:15:10 GMT" time="16.529" errors="0">
  <testcase name="title_verification" time="0.01" classname="com.Guru99ecommerce.testcases.TC_Homepage_0001"/>
  <testcase name="Sort" time="4.229" classname="com.Guru99ecommerce.testcases.TC_Homepage_0001"/>
  <testcase name="title_verification1" time="0.012" classname="com.Guru99ecommerce.testcases.TC_Homepage_0001"/>
  <testcase name="Sort_Name" time="12.261" classname="com.Guru99ecommerce.testcases.TC_Homepage_0001"/>
</testsuite> <!-- e-commerceapplication test -->
